Exception on /revenue [GET]
Traceback (most recent call last):
  File "app.py", line 537, in revenue
    return render_template('revenue.html', total_revenue=total_revenue, orders=orders)
  File "/home/oo33/.local/lib/python3.8/site-packages/flask/templating.py", line 152, in render_template
    return _render(app, template, context)
  File "/home/oo33/.local/lib/python3.8/site-packages/flask/templating.py", line 133, in _render
    rv = template.render(context)
  File "/home/oo33/.local/lib/python3.8/site-packages/jinja2/environment.py", line 1295, in render
    self.environment.handle_exception()
  File "/home/oo33/.local/lib/python3.8/site-packages/jinja2/environment.py", line 942, in handle_exception
    raise rewrite_traceback_stack(source=source)
  File "/home/oo33/AndroidStudioProjects/render-admin-dashboard-frizzly/templates/revenue.html", line 1, in top-level template code
    {% extends "base.html" %}
  File "/home/oo33/AndroidStudioProjects/render-admin-dashboard-frizzly/templates/base.html", line 222, in top-level template code
    {% block content %}{% endblock %}
  File "/home/oo33/AndroidStudioProjects/render-admin-dashboard-frizzly/templates/revenue.html", line 17, in block 'content'
    <h3 class="mb-0">${{ "%.2f"|format(data.total_revenue) }}</h3>
  File "/home/oo33/.local/lib/python3.8/site-packages/jinja2/environment.py", line 490, in getattr
    return getattr(obj, attribute)
jinja2.exceptions.UndefinedError: 'data' is undefined

During handling of the above exception, another exception occurred:

Traceback (most recent call last):
  File "/home/oo33/.local/lib/python3.8/site-packages/flask/app.py", line 1455, in wsgi_app
    response = self.full_dispatch_request()
  File "/home/oo33/.local/lib/python3.8/site-packages/flask/app.py", line 869, in full_dispatch_request
    rv = self.handle_user_exception(e)
  File "/home/oo33/.local/lib/python3.8/site-packages/flask/app.py", line 867, in full_dispatch_request
    rv = self.dispatch_request()
  File "/home/oo33/.local/lib/python3.8/site-packages/flask/app.py", line 852, in dispatch_request
    return self.ensure_sync(self.view_functions[rule.endpoint])(**view_args)
  File "/home/oo33/.local/lib/python3.8/site-packages/flask_login/utils.py", line 290, in decorated_view
    return current_app.ensure_sync(func)(*args, **kwargs)
  File "app.py", line 540, in revenue
    return render_template('revenue.html', total_revenue=0, orders=[])
  File "/home/oo33/.local/lib/python3.8/site-packages/flask/templating.py", line 152, in render_template
    return _render(app, template, context)
  File "/home/oo33/.local/lib/python3.8/site-packages/flask/templating.py", line 133, in _render
    rv = template.render(context)
  File "/home/oo33/.local/lib/python3.8/site-packages/jinja2/environment.py", line 1295, in render
    self.environment.handle_exception()
  File "/home/oo33/.local/lib/python3.8/site-packages/jinja2/environment.py", line 942, in handle_exception
    raise rewrite_traceback_stack(source=source)
  File "/home/oo33/AndroidStudioProjects/render-admin-dashboard-frizzly/templates/revenue.html", line 1, in top-level template code
    {% extends "base.html" %}
  File "/home/oo33/AndroidStudioProjects/render-admin-dashboard-frizzly/templates/base.html", line 222, in top-level template code
    {% block content %}{% endblock %}
  File "/home/oo33/AndroidStudioProjects/render-admin-dashboard-frizzly/templates/revenue.html", line 17, in block 'content'
    <h3 class="mb-0">${{ "%.2f"|format(data.total_revenue) }}</h3>
  File "/home/oo33/.local/lib/python3.8/site-packages/jinja2/environment.py", line 490, in getattr
    return getattr(obj, attribute)
jinja2.exceptions.UndefinedError: 'data' is undefined
Exception on /analytics [GET]
Traceback (most recent call last):
  File "/home/oo33/.local/lib/python3.8/site-packages/flask/app.py", line 1455, in wsgi_app
    response = self.full_dispatch_request()
  File "/home/oo33/.local/lib/python3.8/site-packages/flask/app.py", line 869, in full_dispatch_request
    rv = self.handle_user_exception(e)
  File "/home/oo33/.local/lib/python3.8/site-packages/flask/app.py", line 867, in full_dispatch_request
    rv = self.dispatch_request()
  File "/home/oo33/.local/lib/python3.8/site-packages/flask/app.py", line 852, in dispatch_request
    return self.ensure_sync(self.view_functions[rule.endpoint])(**view_args)
  File "/home/oo33/.local/lib/python3.8/site-packages/flask_login/utils.py", line 290, in decorated_view
    return current_app.ensure_sync(func)(*args, **kwargs)
  File "app.py", line 545, in analytics
    return render_template('analytics.html')
  File "/home/oo33/.local/lib/python3.8/site-packages/flask/templating.py", line 152, in render_template
    return _render(app, template, context)
  File "/home/oo33/.local/lib/python3.8/site-packages/flask/templating.py", line 133, in _render
    rv = template.render(context)
  File "/home/oo33/.local/lib/python3.8/site-packages/jinja2/environment.py", line 1295, in render
    self.environment.handle_exception()
  File "/home/oo33/.local/lib/python3.8/site-packages/jinja2/environment.py", line 942, in handle_exception
    raise rewrite_traceback_stack(source=source)
  File "/home/oo33/AndroidStudioProjects/render-admin-dashboard-frizzly/templates/analytics.html", line 1, in top-level template code
    {% extends "base.html" %}
  File "/home/oo33/AndroidStudioProjects/render-admin-dashboard-frizzly/templates/base.html", line 222, in top-level template code
    {% block content %}{% endblock %}
  File "/home/oo33/AndroidStudioProjects/render-admin-dashboard-frizzly/templates/analytics.html", line 38, in block 'content'
    {% set total = data.status_counts.values()|sum %}
  File "/home/oo33/.local/lib/python3.8/site-packages/jinja2/environment.py", line 490, in getattr
    return getattr(obj, attribute)
jinja2.exceptions.UndefinedError: 'data' is undefined
