Exception on /delivery-logistics [GET]
Traceback (most recent call last):
  File "app.py", line 374, in delivery_logistics
    return render_template('delivery.html', orders=orders)
  File "/home/oo33/.local/lib/python3.8/site-packages/flask/templating.py", line 151, in render_template
    template = app.jinja_env.get_or_select_template(template_name_or_list)
  File "/home/oo33/.local/lib/python3.8/site-packages/jinja2/environment.py", line 1087, in get_or_select_template
    return self.get_template(template_name_or_list, parent, globals)
  File "/home/oo33/.local/lib/python3.8/site-packages/jinja2/environment.py", line 1016, in get_template
    return self._load_template(name, globals)
  File "/home/oo33/.local/lib/python3.8/site-packages/jinja2/environment.py", line 975, in _load_template
    template = self.loader.load(self, name, self.make_globals(globals))
  File "/home/oo33/.local/lib/python3.8/site-packages/jinja2/loaders.py", line 138, in load
    code = environment.compile(source, name, filename)
  File "/home/oo33/.local/lib/python3.8/site-packages/jinja2/environment.py", line 771, in compile
    self.handle_exception(source=source_hint)
  File "/home/oo33/.local/lib/python3.8/site-packages/jinja2/environment.py", line 942, in handle_exception
    raise rewrite_traceback_stack(source=source)
  File "/home/oo33/AndroidStudioProjects/render-admin-dashboard-frizzly/templates/delivery.html", line 28, in template
    <p class="mb-0"><strong>Time:</strong> {{ order.timestamp | int | timestamp_to_date }}</p>
jinja2.exceptions.TemplateAssertionError: No filter named 'timestamp_to_date'.

During handling of the above exception, another exception occurred:

Traceback (most recent call last):
  File "/home/oo33/.local/lib/python3.8/site-packages/flask/app.py", line 1455, in wsgi_app
    response = self.full_dispatch_request()
  File "/home/oo33/.local/lib/python3.8/site-packages/flask/app.py", line 869, in full_dispatch_request
    rv = self.handle_user_exception(e)
  File "/home/oo33/.local/lib/python3.8/site-packages/flask/app.py", line 867, in full_dispatch_request
    rv = self.dispatch_request()
  File "/home/oo33/.local/lib/python3.8/site-packages/flask/app.py", line 852, in dispatch_request
    return self.ensure_sync(self.view_functions[rule.endpoint])(**view_args)
  File "/home/oo33/.local/lib/python3.8/site-packages/flask_login/utils.py", line 290, in decorated_view
    return current_app.ensure_sync(func)(*args, **kwargs)
  File "app.py", line 377, in delivery_logistics
    return render_template('delivery.html', orders=[])
  File "/home/oo33/.local/lib/python3.8/site-packages/flask/templating.py", line 151, in render_template
    template = app.jinja_env.get_or_select_template(template_name_or_list)
  File "/home/oo33/.local/lib/python3.8/site-packages/jinja2/environment.py", line 1087, in get_or_select_template
    return self.get_template(template_name_or_list, parent, globals)
  File "/home/oo33/.local/lib/python3.8/site-packages/jinja2/environment.py", line 1016, in get_template
    return self._load_template(name, globals)
  File "/home/oo33/.local/lib/python3.8/site-packages/jinja2/environment.py", line 975, in _load_template
    template = self.loader.load(self, name, self.make_globals(globals))
  File "/home/oo33/.local/lib/python3.8/site-packages/jinja2/loaders.py", line 138, in load
    code = environment.compile(source, name, filename)
  File "/home/oo33/.local/lib/python3.8/site-packages/jinja2/environment.py", line 771, in compile
    self.handle_exception(source=source_hint)
  File "/home/oo33/.local/lib/python3.8/site-packages/jinja2/environment.py", line 942, in handle_exception
    raise rewrite_traceback_stack(source=source)
  File "/home/oo33/AndroidStudioProjects/render-admin-dashboard-frizzly/templates/delivery.html", line 28, in template
    <p class="mb-0"><strong>Time:</strong> {{ order.timestamp | int | timestamp_to_date }}</p>
jinja2.exceptions.TemplateAssertionError: No filter named 'timestamp_to_date'.
