2026-02-18 11:32:44,636 - app - INFO - üíæ Notification saved to Firestore for user orI6CDcLXHSfrZ5vkuwaSo2PktO2
2026-02-18 11:32:44,795 - app - INFO - ‚úÖ Notification sent to user orI6CDcLXHSfrZ5vkuwaSo2PktO2 for order ORD1: projects/frizzly-9a65f/messages/0:1771410764752829%28e4f5fc28e4f5fc
2026-02-18 11:32:44,796 - app - INFO - Sent notification to user orI6CDcLXHSfrZ5vkuwaSo2PktO2 for order ORD1 status PENDING
2026-02-18 11:50:36,187 - app - INFO - Refreshing driver cache.
2026-02-18 11:50:38,500 - app - INFO - üíæ Notification saved to Firestore for user orI6CDcLXHSfrZ5vkuwaSo2PktO2
2026-02-18 11:50:38,807 - app - INFO - ‚úÖ Notification sent to user orI6CDcLXHSfrZ5vkuwaSo2PktO2 for order ORD6: projects/frizzly-9a65f/messages/0:1771411838777004%28e4f5fc28e4f5fc
2026-02-18 11:50:38,808 - app - INFO - Sent notification to user orI6CDcLXHSfrZ5vkuwaSo2PktO2 for order ORD6 status CONFIRMED
2026-02-18 11:51:10,258 - app - INFO - üíæ Notification saved to Firestore for user orI6CDcLXHSfrZ5vkuwaSo2PktO2
2026-02-18 11:51:10,474 - app - INFO - ‚úÖ Notification sent to user orI6CDcLXHSfrZ5vkuwaSo2PktO2 for order ORD4: projects/frizzly-9a65f/messages/0:1771411870418731%28e4f5fc28e4f5fc
2026-02-18 11:51:10,474 - app - INFO - Sent notification to user orI6CDcLXHSfrZ5vkuwaSo2PktO2 for order ORD4 status CONFIRMED
2026-02-18 11:51:13,701 - app - INFO - üíæ Notification saved to Firestore for user orI6CDcLXHSfrZ5vkuwaSo2PktO2
2026-02-18 11:51:13,874 - app - INFO - ‚úÖ Notification sent to user orI6CDcLXHSfrZ5vkuwaSo2PktO2 for order ORD4: projects/frizzly-9a65f/messages/0:1771411873812206%28e4f5fc28e4f5fc
2026-02-18 11:51:13,875 - app - INFO - Sent notification to user orI6CDcLXHSfrZ5vkuwaSo2PktO2 for order ORD4 status PREPARING_ORDER
2026-02-18 11:55:31,586 - app - INFO - Refreshing driver cache.
2026-02-18 11:55:34,045 - app - INFO - üíæ Notification saved to Firestore for user orI6CDcLXHSfrZ5vkuwaSo2PktO2
2026-02-18 11:55:34,325 - app - INFO - ‚úÖ Notification sent to user orI6CDcLXHSfrZ5vkuwaSo2PktO2 for order ORD7: projects/frizzly-9a65f/messages/0:1771412134295900%28e4f5fc28e4f5fc
2026-02-18 11:55:34,326 - app - INFO - Sent notification to user orI6CDcLXHSfrZ5vkuwaSo2PktO2 for order ORD7 status CONFIRMED
2026-02-18 11:55:38,944 - app - INFO - üíæ Notification saved to Firestore for user orI6CDcLXHSfrZ5vkuwaSo2PktO2
2026-02-18 11:55:39,096 - app - INFO - ‚úÖ Notification sent to user orI6CDcLXHSfrZ5vkuwaSo2PktO2 for order ORD7: projects/frizzly-9a65f/messages/0:1771412139054191%28e4f5fc28e4f5fc
2026-02-18 11:55:39,097 - app - INFO - Sent notification to user orI6CDcLXHSfrZ5vkuwaSo2PktO2 for order ORD7 status PREPARING_ORDER
2026-02-18 12:00:08,386 - app - INFO - Refreshing driver cache.
2026-02-18 12:00:12,009 - app - INFO - üíæ Notification saved to Firestore for user orI6CDcLXHSfrZ5vkuwaSo2PktO2
2026-02-18 12:00:12,341 - app - INFO - ‚úÖ Notification sent to user orI6CDcLXHSfrZ5vkuwaSo2PktO2 for order ORD7: projects/frizzly-9a65f/messages/0:1771412412289574%28e4f5fc28e4f5fc
2026-02-18 12:00:12,342 - app - INFO - Sent notification to user orI6CDcLXHSfrZ5vkuwaSo2PktO2 for order ORD7 status PENDING
2026-02-18 12:00:15,964 - app - INFO - üíæ Notification saved to Firestore for user orI6CDcLXHSfrZ5vkuwaSo2PktO2
2026-02-18 12:00:16,099 - app - INFO - ‚úÖ Notification sent to user orI6CDcLXHSfrZ5vkuwaSo2PktO2 for order ORD7: projects/frizzly-9a65f/messages/0:1771412416063154%28e4f5fc28e4f5fc
2026-02-18 12:00:16,101 - app - INFO - Sent notification to user orI6CDcLXHSfrZ5vkuwaSo2PktO2 for order ORD7 status CONFIRMED
2026-02-18 12:12:28,851 - app - INFO - Refreshing driver cache.
2026-02-18 12:12:33,113 - app - INFO - üíæ Notification saved to Firestore for user orI6CDcLXHSfrZ5vkuwaSo2PktO2
2026-02-18 12:12:33,494 - app - INFO - ‚úÖ Notification sent to user orI6CDcLXHSfrZ5vkuwaSo2PktO2 for order ORD6: projects/frizzly-9a65f/messages/0:1771413153434378%28e4f5fc28e4f5fc
2026-02-18 12:12:33,494 - app - INFO - Sent notification to user orI6CDcLXHSfrZ5vkuwaSo2PktO2 for order ORD6 status PENDING
2026-02-18 12:12:52,207 - app - INFO - üíæ Notification saved to Firestore for user orI6CDcLXHSfrZ5vkuwaSo2PktO2
2026-02-18 12:12:52,365 - app - INFO - ‚úÖ Notification sent to user orI6CDcLXHSfrZ5vkuwaSo2PktO2 for order ORD7: projects/frizzly-9a65f/messages/0:1771413172309057%28e4f5fc28e4f5fc
2026-02-18 12:12:52,365 - app - INFO - Sent notification to user orI6CDcLXHSfrZ5vkuwaSo2PktO2 for order ORD7 status PENDING
2026-02-18 12:12:59,037 - app - INFO - üíæ Notification saved to Firestore for user orI6CDcLXHSfrZ5vkuwaSo2PktO2
2026-02-18 12:12:59,190 - app - INFO - ‚úÖ Notification sent to user orI6CDcLXHSfrZ5vkuwaSo2PktO2 for order ORD7: projects/frizzly-9a65f/messages/0:1771413179143880%28e4f5fc28e4f5fc
2026-02-18 12:12:59,191 - app - INFO - Sent notification to user orI6CDcLXHSfrZ5vkuwaSo2PktO2 for order ORD7 status CONFIRMED
2026-02-20 01:15:12,543 - app - INFO - Refreshing category cache.
2026-02-20 01:17:34,198 - app - INFO - Refreshing category cache.
2026-02-20 01:17:59,331 - app - INFO - Refreshing category cache.
2026-02-20 01:18:19,231 - app - INFO - Product 'lol2' added by JoVbdNOrz93nWBP5iuIw
2026-02-20 01:27:53,940 - app - INFO - Refreshing driver cache.
2026-02-20 01:27:56,858 - app - INFO - üíæ Notification saved to Firestore for user F03Z5gtWjFNRM57Kq8TC3RC8WuH3
2026-02-20 01:27:57,289 - app - ERROR - ‚ùå Error sending notification for user F03Z5gtWjFNRM57Kq8TC3RC8WuH3, order ORD17
Traceback (most recent call last):
  File "/home/oo33/.local/lib/python3.8/site-packages/firebase_admin/messaging.py", line 411, in send
    resp = self._client.body(
  File "/home/oo33/.local/lib/python3.8/site-packages/firebase_admin/_http_client.py", line 131, in body
    resp = self.request(method, url, **kwargs)
  File "/home/oo33/.local/lib/python3.8/site-packages/firebase_admin/_http_client.py", line 119, in request
    resp.raise_for_status()
  File "/usr/lib/python3/dist-packages/requests/models.py", line 940, in raise_for_status
    raise HTTPError(http_error_msg, response=self)
requests.exceptions.HTTPError: 404 Client Error: Not Found for url: https://fcm.googleapis.com/v1/projects/frizzly-9a65f/messages:send

During handling of the above exception, another exception occurred:

Traceback (most recent call last):
  File "/home/oo33/AndroidStudioProjects/FRIZZLY/admin-dashboard/app.py", line 472, in send_notification
    response = messaging.send(message)
  File "/home/oo33/.local/lib/python3.8/site-packages/firebase_admin/messaging.py", line 121, in send
    return _get_messaging_service(app).send(message, dry_run)
  File "/home/oo33/.local/lib/python3.8/site-packages/firebase_admin/messaging.py", line 418, in send
    raise self._handle_fcm_error(error)
firebase_admin._messaging_utils.UnregisteredError: Requested entity was not found.
2026-02-20 01:27:57,327 - app - INFO - Sent notification to user F03Z5gtWjFNRM57Kq8TC3RC8WuH3 for order ORD17 status CONFIRMED
2026-02-20 01:28:13,846 - app - INFO - üíæ Notification saved to Firestore for user orI6CDcLXHSfrZ5vkuwaSo2PktO2
2026-02-20 01:28:14,234 - app - INFO - ‚úÖ Notification sent to user orI6CDcLXHSfrZ5vkuwaSo2PktO2 for order ORD15: projects/frizzly-9a65f/messages/0:1771547294246752%28e4f5fc28e4f5fc
2026-02-20 01:28:14,234 - app - INFO - Sent notification to user orI6CDcLXHSfrZ5vkuwaSo2PktO2 for order ORD15 status CONFIRMED
2026-02-20 01:28:28,982 - app - INFO - üíæ Notification saved to Firestore for user orI6CDcLXHSfrZ5vkuwaSo2PktO2
2026-02-20 01:28:29,146 - app - INFO - ‚úÖ Notification sent to user orI6CDcLXHSfrZ5vkuwaSo2PktO2 for order ORD15: projects/frizzly-9a65f/messages/0:1771547309141445%28e4f5fc28e4f5fc
2026-02-20 01:28:29,146 - app - INFO - Sent notification to user orI6CDcLXHSfrZ5vkuwaSo2PktO2 for order ORD15 status PREPARING_ORDER
2026-02-20 01:36:02,288 - app - INFO - üíæ Notification saved to Firestore for user orI6CDcLXHSfrZ5vkuwaSo2PktO2
2026-02-20 01:36:02,716 - app - INFO - ‚úÖ Notification sent to user orI6CDcLXHSfrZ5vkuwaSo2PktO2 for order ORD15: projects/frizzly-9a65f/messages/0:1771547762663861%28e4f5fc28e4f5fc
2026-02-20 01:36:02,717 - app - INFO - Sent notification to user orI6CDcLXHSfrZ5vkuwaSo2PktO2 for order ORD15 status READY_FOR_PICKUP
2026-02-20 01:36:02,991 - app - INFO - Refreshing driver cache.
2026-02-20 01:36:08,058 - app - INFO - Refreshing category cache.
2026-02-20 01:36:20,294 - app - INFO - Product 'lol2' (ID: 7M04GqjOXP9HWB0gdAmU) updated by JoVbdNOrz93nWBP5iuIw
2026-02-20 02:07:40,261 - app - INFO - Refreshing category cache.
2026-02-20 02:08:58,339 - app - INFO - Image uploaded: /static/uploads/1771549738_ic_tomato.png
2026-02-20 02:09:00,183 - app - INFO - Product 'tott' added by JoVbdNOrz93nWBP5iuIw
2026-02-20 04:44:55,650 - app - INFO - Using serviceAccountKey.json from Render Secret Files.
2026-02-20 04:47:07,018 - app - INFO - Using serviceAccountKey.json from Render Secret Files.
2026-02-20 05:46:52,782 - app - INFO - Using serviceAccountKey.json from Render Secret Files.
2026-02-20 05:53:10,426 - app - INFO - Using serviceAccountKey.json from Render Secret Files.
2026-02-20 06:05:06,203 - app - INFO - Using serviceAccountKey.json from Render Secret Files.
2026-02-20 06:30:29,594 - app - INFO - Using serviceAccountKey.json from Render Secret Files.
